/Users/woramet/Documents/th_new/MODULE_05_OPENFOAM_PROGRAMMING/CONTENT/04_MESH_CLASSES
/Users/woramet/Documents/th_new/MODULE_05_OPENFOAM_PROGRAMMING/CONTENT/08_FIELD_TYPES
/Users/woramet/Documents/th_new/MODULE_05_OPENFOAM_PROGRAMMING/CONTENT/07_TIME_DATABASES
/Users/woramet/Documents/th_new/MODULE_05_OPENFOAM_PROGRAMMING/CONTENT/05_FIELDS_GEOMETRICFIELDS
/Users/woramet/Documents/th_new/MODULE_05_OPENFOAM_PROGRAMMING/CONTENT/12_DIMENSIONAL_ANALYSIS
/Users/woramet/Documents/th_new/MODULE_05_OPENFOAM_PROGRAMMING/CONTENT/06_MATRICES_LINEARALGEBRA
/Users/woramet/Documents/th_new/MODULE_05_OPENFOAM_PROGRAMMING/CONTENT/09_FIELD_ALGEBRA
/Users/woramet/Documents/th_new/MODULE_05_OPENFOAM_PROGRAMMING/CONTENT/03_CONTAINERS_MEMORY
/Users/woramet/Documents/th_new/MODULE_05_OPENFOAM_PROGRAMMING/CONTENT/10_VECTOR_CALCULUS
/Users/woramet/Documents/th_new/MODULE_05_OPENFOAM_PROGRAMMING/CONTENT/02_DIMENSIONED_TYPES
/Users/woramet/Documents/th_new/MODULE_05_OPENFOAM_PROGRAMMING/CONTENT/11_TENSOR_ALGEBRA
/Users/woramet/Documents/th_new/MODULE_05_OPENFOAM_PROGRAMMING/CONTENT/01_FOUNDATION_PRIMITIVES
/Users/woramet/Documents/th_new/MODULE_06_ADVANCED_PHYSICS/CONTENT/04_NON_NEWTONIAN_FLUIDS
/Users/woramet/Documents/th_new/MODULE_06_ADVANCED_PHYSICS/CONTENT/02_COUPLED_PHYSICS
/Users/woramet/Documents/th_new/MODULE_06_ADVANCED_PHYSICS/CONTENT/01_ADVANCED_MULTIPHASE_FLOWS
/Users/woramet/Documents/th_new/MODULE_06_ADVANCED_PHYSICS/CONTENT/03_REACTING_FLOWS

/Users/woramet/Documents/th_new/MODULE_07_UTILITIES_AUTOMATION/CONTENT
/Users/woramet/Documents/th_new/MODULE_07_UTILITIES_AUTOMATION/CONTENT/01_UTILITIES_OVERVIEW
/Users/woramet/Documents/th_new/MODULE_07_UTILITIES_AUTOMATION/CONTENT/02_MESH_PREPARATION
/Users/woramet/Documents/th_new/MODULE_07_UTILITIES_AUTOMATION/CONTENT/06_PARALLEL_COMPUTING
/Users/woramet/Documents/th_new/MODULE_07_UTILITIES_AUTOMATION/CONTENT/07_PROFESSIONAL_PRACTICE
/Users/woramet/Documents/th_new/MODULE_07_UTILITIES_AUTOMATION/CONTENT/05_AUTOMATION
/Users/woramet/Documents/th_new/MODULE_07_UTILITIES_AUTOMATION/CONTENT/04_VISUALIZATION
/Users/woramet/Documents/th_new/MODULE_07_UTILITIES_AUTOMATION/CONTENT/08_EXPERT_UTILITIES
/Users/woramet/Documents/th_new/MODULE_07_UTILITIES_AUTOMATION/CONTENT/03_POST_PROCESSING
/Users/woramet/Documents/th_new/MODULE_01_CFD_FUNDAMENTALS
/Users/woramet/Documents/th_new/MODULE_01_CFD_FUNDAMENTALS/CONTENT/02_FINITE_VOLUME_METHOD
/Users/woramet/Documents/th_new/MODULE_01_CFD_FUNDAMENTALS/CONTENT/03_BOUNDARY_CONDITIONS
/Users/woramet/Documents/th_new/MODULE_01_CFD_FUNDAMENTALS/CONTENT/04_FIRST_SIMULATION
