/Users/woramet/Documents/th_new/MODULE_01_CFD_FUNDAMENTALS/CONTENT/01_GOVERNING_EQUATIONS/00_Overview.md
/Users/woramet/Documents/th_new/MODULE_01_CFD_FUNDAMENTALS/CONTENT/01_GOVERNING_EQUATIONS/01_Introduction.md
/Users/woramet/Documents/th_new/MODULE_01_CFD_FUNDAMENTALS/CONTENT/01_GOVERNING_EQUATIONS/02_Conservation_Laws.md
/Users/woramet/Documents/th_new/MODULE_01_CFD_FUNDAMENTALS/CONTENT/01_GOVERNING_EQUATIONS/03_Equation_of_State.md
/Users/woramet/Documents/th_new/MODULE_01_CFD_FUNDAMENTALS/CONTENT/01_GOVERNING_EQUATIONS/04_Dimensionless_Numbers.md
/Users/woramet/Documents/th_new/MODULE_01_CFD_FUNDAMENTALS/CONTENT/01_GOVERNING_EQUATIONS/05_OpenFOAM_Implementation.md
/Users/woramet/Documents/th_new/MODULE_01_CFD_FUNDAMENTALS/CONTENT/01_GOVERNING_EQUATIONS/06_Boundary_Conditions.md
/Users/woramet/Documents/th_new/MODULE_01_CFD_FUNDAMENTALS/CONTENT/01_GOVERNING_EQUATIONS/07_Initial_Conditions.md
/Users/woramet/Documents/th_new/MODULE_01_CFD_FUNDAMENTALS/CONTENT/01_GOVERNING_EQUATIONS/08_Key_Points_to_Remember.md
/Users/woramet/Documents/th_new/MODULE_01_CFD_FUNDAMENTALS/CONTENT/01_GOVERNING_EQUATIONS/09_Exercises.md
/Users/woramet/Documents/th_new/MODULE_01_CFD_FUNDAMENTALS/CONTENT/02_FINITE_VOLUME_METHOD/00_Overview.md
/Users/woramet/Documents/th_new/MODULE_01_CFD_FUNDAMENTALS/CONTENT/02_FINITE_VOLUME_METHOD/01_Introduction.md
/Users/woramet/Documents/th_new/MODULE_01_CFD_FUNDAMENTALS/CONTENT/02_FINITE_VOLUME_METHOD/02_Fundamental_Concepts.md
/Users/woramet/Documents/th_new/MODULE_01_CFD_FUNDAMENTALS/CONTENT/02_FINITE_VOLUME_METHOD/03_Spatial_Discretization.md
/Users/woramet/Documents/th_new/MODULE_01_CFD_FUNDAMENTALS/CONTENT/02_FINITE_VOLUME_METHOD/04_Temporal_Discretization.md
/Users/woramet/Documents/th_new/MODULE_01_CFD_FUNDAMENTALS/CONTENT/02_FINITE_VOLUME_METHOD/05_Matrix_Assembly.md
/Users/woramet/Documents/th_new/MODULE_01_CFD_FUNDAMENTALS/CONTENT/02_FINITE_VOLUME_METHOD/06_OpenFOAM_Implementation.md
/Users/woramet/Documents/th_new/MODULE_01_CFD_FUNDAMENTALS/CONTENT/02_FINITE_VOLUME_METHOD/07_Best_Practices.md
/Users/woramet/Documents/th_new/MODULE_01_CFD_FUNDAMENTALS/CONTENT/02_FINITE_VOLUME_METHOD/08_Exercises.md
/Users/woramet/Documents/th_new/MODULE_01_CFD_FUNDAMENTALS/CONTENT/03_BOUNDARY_CONDITIONS/00_Overview.md
/Users/woramet/Documents/th_new/MODULE_01_CFD_FUNDAMENTALS/CONTENT/03_BOUNDARY_CONDITIONS/01_Introduction.md
/Users/woramet/Documents/th_new/MODULE_01_CFD_FUNDAMENTALS/CONTENT/03_BOUNDARY_CONDITIONS/02_Fundamental_Classification.md
/Users/woramet/Documents/th_new/MODULE_01_CFD_FUNDAMENTALS/CONTENT/03_BOUNDARY_CONDITIONS/03_Selection_Guide_Which_BC_to_Use.md
/Users/woramet/Documents/th_new/MODULE_01_CFD_FUNDAMENTALS/CONTENT/03_BOUNDARY_CONDITIONS/04_Mathematical_Formulation.md
/Users/woramet/Documents/th_new/MODULE_01_CFD_FUNDAMENTALS/CONTENT/03_BOUNDARY_CONDITIONS/05_Common_Boundary_Conditions_in_OpenFOAM.md
/Users/woramet/Documents/th_new/MODULE_01_CFD_FUNDAMENTALS/CONTENT/03_BOUNDARY_CONDITIONS/06_Advanced_Boundary_Conditions.md
/Users/woramet/Documents/th_new/MODULE_01_CFD_FUNDAMENTALS/CONTENT/03_BOUNDARY_CONDITIONS/07_Troubleshooting_Boundary_Conditions.md
/Users/woramet/Documents/th_new/MODULE_01_CFD_FUNDAMENTALS/CONTENT/03_BOUNDARY_CONDITIONS/08_Exercises.md
/Users/woramet/Documents/th_new/MODULE_01_CFD_FUNDAMENTALS/CONTENT/04_FIRST_SIMULATION/00_Overview.md
/Users/woramet/Documents/th_new/MODULE_01_CFD_FUNDAMENTALS/CONTENT/04_FIRST_SIMULATION/01_Introduction.md
/Users/woramet/Documents/th_new/MODULE_01_CFD_FUNDAMENTALS/CONTENT/04_FIRST_SIMULATION/02_The_Workflow.md
/Users/woramet/Documents/th_new/MODULE_01_CFD_FUNDAMENTALS/CONTENT/04_FIRST_SIMULATION/03_The_Lid-Driven_Cavity_Problem.md
/Users/woramet/Documents/th_new/MODULE_01_CFD_FUNDAMENTALS/CONTENT/04_FIRST_SIMULATION/04_Step-by-Step_Tutorial.md
/Users/woramet/Documents/th_new/MODULE_01_CFD_FUNDAMENTALS/CONTENT/04_FIRST_SIMULATION/05_Expected_Results.md
/Users/woramet/Documents/th_new/MODULE_01_CFD_FUNDAMENTALS/CONTENT/04_FIRST_SIMULATION/06_Exercises.md
/Users/woramet/Documents/th_new/MODULE_03_SINGLE_PHASE_FLOW/CONTENT/01_INCOMPRESSIBLE_FLOW_SOLVERS/00_Overview.md
/Users/woramet/Documents/th_new/MODULE_03_SINGLE_PHASE_FLOW/CONTENT/01_INCOMPRESSIBLE_FLOW_SOLVERS/01_Introduction.md
/Users/woramet/Documents/th_new/MODULE_03_SINGLE_PHASE_FLOW/CONTENT/01_INCOMPRESSIBLE_FLOW_SOLVERS/02_Standard_Solvers.md
/Users/woramet/Documents/th_new/MODULE_03_SINGLE_PHASE_FLOW/CONTENT/01_INCOMPRESSIBLE_FLOW_SOLVERS/03_Simulation_Control.md
/Users/woramet/Documents/th_new/MODULE_03_SINGLE_PHASE_FLOW/CONTENT/02_PRESSURE_VELOCITY_COUPLING/00_Overview.md
/Users/woramet/Documents/th_new/MODULE_03_SINGLE_PHASE_FLOW/CONTENT/02_PRESSURE_VELOCITY_COUPLING/01_Mathematical_Foundation.md
/Users/woramet/Documents/th_new/MODULE_03_SINGLE_PHASE_FLOW/CONTENT/02_PRESSURE_VELOCITY_COUPLING/02_SIMPLE_Algorithm.md
/Users/woramet/Documents/th_new/MODULE_03_SINGLE_PHASE_FLOW/CONTENT/02_PRESSURE_VELOCITY_COUPLING/03_PISO_and_PIMPLE_Algorithms.md
/Users/woramet/Documents/th_new/MODULE_03_SINGLE_PHASE_FLOW/CONTENT/02_PRESSURE_VELOCITY_COUPLING/04_Rhie_Chow_Interpolation.md
/Users/woramet/Documents/th_new/MODULE_03_SINGLE_PHASE_FLOW/CONTENT/02_PRESSURE_VELOCITY_COUPLING/05_Algorithm_Comparison.md
/Users/woramet/Documents/th_new/MODULE_03_SINGLE_PHASE_FLOW/CONTENT/03_TURBULENCE_MODELING/00_Overview.md
/Users/woramet/Documents/th_new/MODULE_03_SINGLE_PHASE_FLOW/CONTENT/03_TURBULENCE_MODELING/01_Turbulence_Fundamentals.md
/Users/woramet/Documents/th_new/MODULE_03_SINGLE_PHASE_FLOW/CONTENT/03_TURBULENCE_MODELING/02_RANS_Models.md
/Users/woramet/Documents/th_new/MODULE_03_SINGLE_PHASE_FLOW/CONTENT/03_TURBULENCE_MODELING/03_Wall_Treatment.md
/Users/woramet/Documents/th_new/MODULE_03_SINGLE_PHASE_FLOW/CONTENT/03_TURBULENCE_MODELING/04_LES_Fundamentals.md
/Users/woramet/Documents/th_new/MODULE_03_SINGLE_PHASE_FLOW/CONTENT/04_HEAT_TRANSFER/00_Overview.md
/Users/woramet/Documents/th_new/MODULE_03_SINGLE_PHASE_FLOW/CONTENT/04_HEAT_TRANSFER/01_Energy_Equation_Fundamentals.md
/Users/woramet/Documents/th_new/MODULE_03_SINGLE_PHASE_FLOW/CONTENT/04_HEAT_TRANSFER/02_Heat_Transfer_Mechanisms.md
/Users/woramet/Documents/th_new/MODULE_03_SINGLE_PHASE_FLOW/CONTENT/04_HEAT_TRANSFER/03_Buoyancy_Driven_Flows.md
/Users/woramet/Documents/th_new/MODULE_03_SINGLE_PHASE_FLOW/CONTENT/04_HEAT_TRANSFER/04_Conjugate_Heat_Transfer.md
/Users/woramet/Documents/th_new/MODULE_03_SINGLE_PHASE_FLOW/CONTENT/05_PRACTICAL_APPLICATIONS/00_Overview.md
/Users/woramet/Documents/th_new/MODULE_03_SINGLE_PHASE_FLOW/CONTENT/05_PRACTICAL_APPLICATIONS/01_External_Aerodynamics.md
/Users/woramet/Documents/th_new/MODULE_03_SINGLE_PHASE_FLOW/CONTENT/05_PRACTICAL_APPLICATIONS/02_Internal_Flow_and_Piping.md
/Users/woramet/Documents/th_new/MODULE_03_SINGLE_PHASE_FLOW/CONTENT/05_PRACTICAL_APPLICATIONS/03_Heat_Exchangers.md
/Users/woramet/Documents/th_new/MODULE_03_SINGLE_PHASE_FLOW/CONTENT/06_VALIDATION_AND_VERIFICATION/00_Overview.md
/Users/woramet/Documents/th_new/MODULE_03_SINGLE_PHASE_FLOW/CONTENT/06_VALIDATION_AND_VERIFICATION/01_V_and_V_Principles.md
/Users/woramet/Documents/th_new/MODULE_03_SINGLE_PHASE_FLOW/CONTENT/06_VALIDATION_AND_VERIFICATION/02_Mesh_Independence.md
/Users/woramet/Documents/th_new/MODULE_03_SINGLE_PHASE_FLOW/CONTENT/06_VALIDATION_AND_VERIFICATION/03_Experimental_Validation.md
/Users/woramet/Documents/th_new/MODULE_03_SINGLE_PHASE_FLOW/CONTENT/07_ADVANCED_TOPICS/00_Overview.md
/Users/woramet/Documents/th_new/MODULE_03_SINGLE_PHASE_FLOW/CONTENT/07_ADVANCED_TOPICS/01_High_Performance_Computing.md
/Users/woramet/Documents/th_new/MODULE_03_SINGLE_PHASE_FLOW/CONTENT/07_ADVANCED_TOPICS/02_Advanced_Turbulence.md
/Users/woramet/Documents/th_new/MODULE_03_SINGLE_PHASE_FLOW/CONTENT/07_ADVANCED_TOPICS/03_Numerical_Methods.md
/Users/woramet/Documents/th_new/MODULE_03_SINGLE_PHASE_FLOW/CONTENT/07_ADVANCED_TOPICS/04_Multiphysics.md
/Users/woramet/Documents/th_new/MODULE_04_MULTIPHASE_FUNDAMENTALS/CONTENT/01_EULERIAN_FOUNDATIONS/00_Overview.md
/Users/woramet/Documents/th_new/MODULE_04_MULTIPHASE_FUNDAMENTALS/CONTENT/01_EULERIAN_FOUNDATIONS/01_Introduction.md
/Users/woramet/Documents/th_new/MODULE_04_MULTIPHASE_FUNDAMENTALS/CONTENT/01_EULERIAN_FOUNDATIONS/02_Mathematical_Framework.md
/Users/woramet/Documents/th_new/MODULE_04_MULTIPHASE_FUNDAMENTALS/CONTENT/01_EULERIAN_FOUNDATIONS/03_Implementation_Concepts.md
/Users/woramet/Documents/th_new/MODULE_04_MULTIPHASE_FUNDAMENTALS/CONTENT/02_MULTIPHASE_BASICS/00_Overview.md
/Users/woramet/Documents/th_new/MODULE_04_MULTIPHASE_FUNDAMENTALS/CONTENT/02_MULTIPHASE_BASICS/01_Flow_Regimes.md
/Users/woramet/Documents/th_new/MODULE_04_MULTIPHASE_FUNDAMENTALS/CONTENT/02_MULTIPHASE_BASICS/02_Interfacial_Phenomena.md
/Users/woramet/Documents/th_new/MODULE_04_MULTIPHASE_FUNDAMENTALS/CONTENT/03_EQUATIONS_REFERENCE/00_Overview.md
/Users/woramet/Documents/th_new/MODULE_04_MULTIPHASE_FUNDAMENTALS/CONTENT/03_EQUATIONS_REFERENCE/01_Mass_Conservation.md
/Users/woramet/Documents/th_new/MODULE_04_MULTIPHASE_FUNDAMENTALS/CONTENT/03_EQUATIONS_REFERENCE/02_Momentum_Conservation.md
/Users/woramet/Documents/th_new/MODULE_04_MULTIPHASE_FUNDAMENTALS/CONTENT/03_EQUATIONS_REFERENCE/03_Energy_Conservation.md
/Users/woramet/Documents/th_new/MODULE_04_MULTIPHASE_FUNDAMENTALS/CONTENT/03_EQUATIONS_REFERENCE/04_Interfacial_Phenomena_Equations.md
/Users/woramet/Documents/th_new/MODULE_04_MULTIPHASE_FUNDAMENTALS/CONTENT/04_DRAG_FORCES/00_Overview.md
/Users/woramet/Documents/th_new/MODULE_04_MULTIPHASE_FUNDAMENTALS/CONTENT/04_DRAG_FORCES/01_Fundamental_Drag_Concept.md
/Users/woramet/Documents/th_new/MODULE_04_MULTIPHASE_FUNDAMENTALS/CONTENT/04_DRAG_FORCES/02_Specific_Drag_Models.md
/Users/woramet/Documents/th_new/MODULE_04_MULTIPHASE_FUNDAMENTALS/CONTENT/04_DRAG_FORCES/03_OpenFOAM_Implementation.md
/Users/woramet/Documents/th_new/MODULE_04_MULTIPHASE_FUNDAMENTALS/CONTENT/05_LIFT_FORCES/00_Overview.md
/Users/woramet/Documents/th_new/MODULE_04_MULTIPHASE_FUNDAMENTALS/CONTENT/05_LIFT_FORCES/01_Fundamental_Lift_Concepts.md
/Users/woramet/Documents/th_new/MODULE_04_MULTIPHASE_FUNDAMENTALS/CONTENT/05_LIFT_FORCES/02_Specific_Lift_Models.md
/Users/woramet/Documents/th_new/MODULE_04_MULTIPHASE_FUNDAMENTALS/CONTENT/05_LIFT_FORCES/03_OpenFOAM_Implementation.md
/Users/woramet/Documents/th_new/MODULE_04_MULTIPHASE_FUNDAMENTALS/CONTENT/06_VIRTUAL_MASS/00_Overview.md
/Users/woramet/Documents/th_new/MODULE_04_MULTIPHASE_FUNDAMENTALS/CONTENT/06_VIRTUAL_MASS/01_Fundamental_Concepts.md
/Users/woramet/Documents/th_new/MODULE_04_MULTIPHASE_FUNDAMENTALS/CONTENT/06_VIRTUAL_MASS/02_OpenFOAM_Implementation.md
/Users/woramet/Documents/th_new/MODULE_04_MULTIPHASE_FUNDAMENTALS/CONTENT/07_TURBULENT_DISPERSION/00_Overview.md
/Users/woramet/Documents/th_new/MODULE_04_MULTIPHASE_FUNDAMENTALS/CONTENT/07_TURBULENT_DISPERSION/01_Fundamental_Theory.md
/Users/woramet/Documents/th_new/MODULE_04_MULTIPHASE_FUNDAMENTALS/CONTENT/07_TURBULENT_DISPERSION/02_Specific_Models.md
/Users/woramet/Documents/th_new/MODULE_04_MULTIPHASE_FUNDAMENTALS/CONTENT/08_MODEL_SELECTION/00_Overview.md
/Users/woramet/Documents/th_new/MODULE_04_MULTIPHASE_FUNDAMENTALS/CONTENT/08_MODEL_SELECTION/02_Gas_Liquid_Systems.md
/Users/woramet/Documents/th_new/MODULE_04_MULTIPHASE_FUNDAMENTALS/CONTENT/08_MODEL_SELECTION/03_Liquid_Liquid_Systems.md
/Users/woramet/Documents/th_new/MODULE_04_MULTIPHASE_FUNDAMENTALS/CONTENT/08_MODEL_SELECTION/04_Gas_Solid_Systems.md
/Users/woramet/Documents/th_new/MODULE_04_MULTIPHASE_FUNDAMENTALS/CONTENT/08_MODEL_SELECTION/05_Model_Selection_Flowchart.md
/Users/woramet/Documents/th_new/MODULE_04_MULTIPHASE_FUNDAMENTALS/CONTENT/09_IMPLEMENTATION_ARCHITECTURE/01_Solver_Overview.md
/Users/woramet/Documents/th_new/MODULE_04_MULTIPHASE_FUNDAMENTALS/CONTENT/09_IMPLEMENTATION_ARCHITECTURE/02_Code_Architecture.md
/Users/woramet/Documents/th_new/MODULE_04_MULTIPHASE_FUNDAMENTALS/CONTENT/09_IMPLEMENTATION_ARCHITECTURE/03_Model_Architecture.md
/Users/woramet/Documents/th_new/MODULE_04_MULTIPHASE_FUNDAMENTALS/CONTENT/09_IMPLEMENTATION_ARCHITECTURE/04_Algorithm_Flow.md
/Users/woramet/Documents/th_new/MODULE_04_MULTIPHASE_FUNDAMENTALS/CONTENT/09_IMPLEMENTATION_ARCHITECTURE/05_Parallel_Implementation.md
/Users/woramet/Documents/th_new/MODULE_04_MULTIPHASE_FUNDAMENTALS/CONTENT/10_VALIDATION_CASES/00_Overview.md
/Users/woramet/Documents/th_new/MODULE_04_MULTIPHASE_FUNDAMENTALS/CONTENT/10_VALIDATION_CASES/01_Validation_Methodology.md
/Users/woramet/Documents/th_new/MODULE_04_MULTIPHASE_FUNDAMENTALS/CONTENT/10_VALIDATION_CASES/02_Benchmark_Problems.md
/Users/woramet/Documents/th_new/MODULE_04_MULTIPHASE_FUNDAMENTALS/CONTENT/10_VALIDATION_CASES/03_Grid_Convergence.md
/Users/woramet/Documents/th_new/MODULE_04_MULTIPHASE_FUNDAMENTALS/CONTENT/10_VALIDATION_CASES/04_Uncertainty_Quantification.md
/Users/woramet/Documents/th_new/MODULE_05_OPENFOAM_PROGRAMMING/CONTENT/01_FOUNDATION_PRIMITIVES/00_Overview.md
/Users/woramet/Documents/th_new/MODULE_05_OPENFOAM_PROGRAMMING/CONTENT/01_FOUNDATION_PRIMITIVES/01_Introduction.md
/Users/woramet/Documents/th_new/MODULE_05_OPENFOAM_PROGRAMMING/CONTENT/01_FOUNDATION_PRIMITIVES/02_Basic_Primitives.md
/Users/woramet/Documents/th_new/MODULE_05_OPENFOAM_PROGRAMMING/CONTENT/01_FOUNDATION_PRIMITIVES/03_Dimensioned_Types_Intro.md
/Users/woramet/Documents/th_new/MODULE_05_OPENFOAM_PROGRAMMING/CONTENT/01_FOUNDATION_PRIMITIVES/05_Containers.md
/Users/woramet/Documents/th_new/MODULE_05_OPENFOAM_PROGRAMMING/CONTENT/01_FOUNDATION_PRIMITIVES/06_Summary.md
/Users/woramet/Documents/th_new/MODULE_05_OPENFOAM_PROGRAMMING/CONTENT/01_FOUNDATION_PRIMITIVES/07_Exercises.md
/Users/woramet/Documents/th_new/MODULE_05_OPENFOAM_PROGRAMMING/CONTENT/02_DIMENSIONED_TYPES/00_Overview.md
/Users/woramet/Documents/th_new/MODULE_05_OPENFOAM_PROGRAMMING/CONTENT/02_DIMENSIONED_TYPES/01_Introduction.md
/Users/woramet/Documents/th_new/MODULE_05_OPENFOAM_PROGRAMMING/CONTENT/02_DIMENSIONED_TYPES/02_Physics_Aware_Type_System.md
/Users/woramet/Documents/th_new/MODULE_05_OPENFOAM_PROGRAMMING/CONTENT/02_DIMENSIONED_TYPES/03_Implementation_Mechanisms.md
/Users/woramet/Documents/th_new/MODULE_05_OPENFOAM_PROGRAMMING/CONTENT/02_DIMENSIONED_TYPES/04_Template_Metaprogramming.md
/Users/woramet/Documents/th_new/MODULE_05_OPENFOAM_PROGRAMMING/CONTENT/02_DIMENSIONED_TYPES/05_Pitfalls_and_Solutions.md
/Users/woramet/Documents/th_new/MODULE_05_OPENFOAM_PROGRAMMING/CONTENT/02_DIMENSIONED_TYPES/06_Engineering_Benefits.md
/Users/woramet/Documents/th_new/MODULE_05_OPENFOAM_PROGRAMMING/CONTENT/02_DIMENSIONED_TYPES/08_Summary_and_Exercises.md
/Users/woramet/Documents/th_new/MODULE_05_OPENFOAM_PROGRAMMING/CONTENT/03_CONTAINERS_MEMORY/00_Overview.md
/Users/woramet/Documents/th_new/MODULE_05_OPENFOAM_PROGRAMMING/CONTENT/03_CONTAINERS_MEMORY/01_Introduction.md
/Users/woramet/Documents/th_new/MODULE_05_OPENFOAM_PROGRAMMING/CONTENT/03_CONTAINERS_MEMORY/02_Memory_Management_Fundamentals.md
/Users/woramet/Documents/th_new/MODULE_05_OPENFOAM_PROGRAMMING/CONTENT/03_CONTAINERS_MEMORY/03_Container_System.md
/Users/woramet/Documents/th_new/MODULE_05_OPENFOAM_PROGRAMMING/CONTENT/03_CONTAINERS_MEMORY/04_Integration_and_Best_Practices.md
/Users/woramet/Documents/th_new/MODULE_05_OPENFOAM_PROGRAMMING/CONTENT/03_CONTAINERS_MEMORY/05_Summary_and_Exercises.md
/Users/woramet/Documents/th_new/MODULE_05_OPENFOAM_PROGRAMMING/CONTENT/04_MESH_CLASSES/00_Overview.md
/Users/woramet/Documents/th_new/MODULE_05_OPENFOAM_PROGRAMMING/CONTENT/04_MESH_CLASSES/01_Introduction.md
/Users/woramet/Documents/th_new/MODULE_05_OPENFOAM_PROGRAMMING/CONTENT/04_MESH_CLASSES/02_Mesh_Hierarchy.md
/Users/woramet/Documents/th_new/MODULE_05_OPENFOAM_PROGRAMMING/CONTENT/04_MESH_CLASSES/04_polyMesh.md
/Users/woramet/Documents/th_new/MODULE_05_OPENFOAM_PROGRAMMING/CONTENT/04_MESH_CLASSES/05_fvMesh.md
/Users/woramet/Documents/th_new/MODULE_05_OPENFOAM_PROGRAMMING/CONTENT/04_MESH_CLASSES/06_Common_Pitfalls.md
/Users/woramet/Documents/th_new/MODULE_05_OPENFOAM_PROGRAMMING/CONTENT/04_MESH_CLASSES/07_Summary_and_Exercises.md
/Users/woramet/Documents/th_new/MODULE_05_OPENFOAM_PROGRAMMING/CONTENT/05_FIELDS_GEOMETRICFIELDS/00_Overview.md
/Users/woramet/Documents/th_new/MODULE_05_OPENFOAM_PROGRAMMING/CONTENT/05_FIELDS_GEOMETRICFIELDS/01_Introduction.md
/Users/woramet/Documents/th_new/MODULE_05_OPENFOAM_PROGRAMMING/CONTENT/05_FIELDS_GEOMETRICFIELDS/02_Design_Philosophy.md
/Users/woramet/Documents/th_new/MODULE_05_OPENFOAM_PROGRAMMING/CONTENT/05_FIELDS_GEOMETRICFIELDS/03_Inheritance_Hierarchy.md
/Users/woramet/Documents/th_new/MODULE_05_OPENFOAM_PROGRAMMING/CONTENT/05_FIELDS_GEOMETRICFIELDS/04_Field_Lifecycle.md
/Users/woramet/Documents/th_new/MODULE_05_OPENFOAM_PROGRAMMING/CONTENT/05_FIELDS_GEOMETRICFIELDS/05_Mathematical_Type_Theory.md
/Users/woramet/Documents/th_new/MODULE_05_OPENFOAM_PROGRAMMING/CONTENT/05_FIELDS_GEOMETRICFIELDS/06_Common_Pitfalls.md
/Users/woramet/Documents/th_new/MODULE_05_OPENFOAM_PROGRAMMING/CONTENT/05_FIELDS_GEOMETRICFIELDS/07_Summary_and_Exercises.md
/Users/woramet/Documents/th_new/MODULE_05_OPENFOAM_PROGRAMMING/CONTENT/06_MATRICES_LINEARALGEBRA/01_Introduction.md
/Users/woramet/Documents/th_new/MODULE_05_OPENFOAM_PROGRAMMING/CONTENT/06_MATRICES_LINEARALGEBRA/02_Dense_vs_Sparse_Matrices.md
/Users/woramet/Documents/th_new/MODULE_05_OPENFOAM_PROGRAMMING/CONTENT/06_MATRICES_LINEARALGEBRA/03_fvMatrix_Architecture.md
/Users/woramet/Documents/th_new/MODULE_05_OPENFOAM_PROGRAMMING/CONTENT/06_MATRICES_LINEARALGEBRA/04_Linear_Solvers_Hierarchy.md
/Users/woramet/Documents/th_new/MODULE_05_OPENFOAM_PROGRAMMING/CONTENT/06_MATRICES_LINEARALGEBRA/05_Parallel_Linear_Algebra.md
/Users/woramet/Documents/th_new/MODULE_05_OPENFOAM_PROGRAMMING/CONTENT/06_MATRICES_LINEARALGEBRA/06_Common_Pitfalls.md
/Users/woramet/Documents/th_new/MODULE_05_OPENFOAM_PROGRAMMING/CONTENT/06_MATRICES_LINEARALGEBRA/07_Summary_and_Exercises.md
/Users/woramet/Documents/th_new/MODULE_05_OPENFOAM_PROGRAMMING/CONTENT/07_TIME_DATABASES/00_Overview.md
/Users/woramet/Documents/th_new/MODULE_05_OPENFOAM_PROGRAMMING/CONTENT/07_TIME_DATABASES/01_Introduction.md
/Users/woramet/Documents/th_new/MODULE_05_OPENFOAM_PROGRAMMING/CONTENT/07_TIME_DATABASES/02_Time_Architecture.md
/Users/woramet/Documents/th_new/MODULE_05_OPENFOAM_PROGRAMMING/CONTENT/07_TIME_DATABASES/03_Object_Registry.md
/Users/woramet/Documents/th_new/MODULE_05_OPENFOAM_PROGRAMMING/CONTENT/07_TIME_DATABASES/04_Functional_Logic.md
/Users/woramet/Documents/th_new/MODULE_05_OPENFOAM_PROGRAMMING/CONTENT/07_TIME_DATABASES/05_Design_Patterns.md
/Users/woramet/Documents/th_new/MODULE_05_OPENFOAM_PROGRAMMING/CONTENT/07_TIME_DATABASES/06_Common_Pitfalls.md
/Users/woramet/Documents/th_new/MODULE_05_OPENFOAM_PROGRAMMING/CONTENT/07_TIME_DATABASES/07_Summary_and_Exercises.md
/Users/woramet/Documents/th_new/MODULE_05_OPENFOAM_PROGRAMMING/CONTENT/08_FIELD_TYPES/01_Introduction.md
/Users/woramet/Documents/th_new/MODULE_05_OPENFOAM_PROGRAMMING/CONTENT/08_FIELD_TYPES/02_Volume_Fields.md
/Users/woramet/Documents/th_new/MODULE_05_OPENFOAM_PROGRAMMING/CONTENT/08_FIELD_TYPES/03_Surface_Fields.md
/Users/woramet/Documents/th_new/MODULE_05_OPENFOAM_PROGRAMMING/CONTENT/08_FIELD_TYPES/04_Dimensional_Checking.md
/Users/woramet/Documents/th_new/MODULE_05_OPENFOAM_PROGRAMMING/CONTENT/08_FIELD_TYPES/04_Point_Fields.md
/Users/woramet/Documents/th_new/MODULE_05_OPENFOAM_PROGRAMMING/CONTENT/08_FIELD_TYPES/05_Dimensioned_Fields.md
/Users/woramet/Documents/th_new/MODULE_05_OPENFOAM_PROGRAMMING/CONTENT/08_FIELD_TYPES/06_Common_Pitfalls.md
/Users/woramet/Documents/th_new/MODULE_05_OPENFOAM_PROGRAMMING/CONTENT/08_FIELD_TYPES/07_Summary_and_Exercises.md
/Users/woramet/Documents/th_new/MODULE_05_OPENFOAM_PROGRAMMING/CONTENT/09_FIELD_ALGEBRA/00_Overview.md
/Users/woramet/Documents/th_new/MODULE_05_OPENFOAM_PROGRAMMING/CONTENT/09_FIELD_ALGEBRA/01_Introduction.md
/Users/woramet/Documents/th_new/MODULE_05_OPENFOAM_PROGRAMMING/CONTENT/09_FIELD_ALGEBRA/02_Arithmetic_Operations.md
/Users/woramet/Documents/th_new/MODULE_05_OPENFOAM_PROGRAMMING/CONTENT/09_FIELD_ALGEBRA/03_Operator_Overloading.md
/Users/woramet/Documents/th_new/MODULE_05_OPENFOAM_PROGRAMMING/CONTENT/09_FIELD_ALGEBRA/04_Dimensional_Checking.md
/Users/woramet/Documents/th_new/MODULE_05_OPENFOAM_PROGRAMMING/CONTENT/09_FIELD_ALGEBRA/05_Expression_Templates.md
/Users/woramet/Documents/th_new/MODULE_05_OPENFOAM_PROGRAMMING/CONTENT/09_FIELD_ALGEBRA/06_Common_Pitfalls.md
/Users/woramet/Documents/th_new/MODULE_05_OPENFOAM_PROGRAMMING/CONTENT/09_FIELD_ALGEBRA/07_Summary_and_Exercises.md
/Users/woramet/Documents/th_new/MODULE_05_OPENFOAM_PROGRAMMING/CONTENT/10_VECTOR_CALCULUS/00_Overview.md
/Users/woramet/Documents/th_new/MODULE_05_OPENFOAM_PROGRAMMING/CONTENT/10_VECTOR_CALCULUS/01_Introduction.md
/Users/woramet/Documents/th_new/MODULE_05_OPENFOAM_PROGRAMMING/CONTENT/10_VECTOR_CALCULUS/02_fvc_vs_fvm.md
/Users/woramet/Documents/th_new/MODULE_05_OPENFOAM_PROGRAMMING/CONTENT/10_VECTOR_CALCULUS/03_Gradient_Operations.md
/Users/woramet/Documents/th_new/MODULE_05_OPENFOAM_PROGRAMMING/CONTENT/10_VECTOR_CALCULUS/04_Divergence_Operations.md
/Users/woramet/Documents/th_new/MODULE_05_OPENFOAM_PROGRAMMING/CONTENT/10_VECTOR_CALCULUS/05_Curl_and_Laplacian.md
/Users/woramet/Documents/th_new/MODULE_05_OPENFOAM_PROGRAMMING/CONTENT/10_VECTOR_CALCULUS/06_Common_Pitfalls.md
/Users/woramet/Documents/th_new/MODULE_05_OPENFOAM_PROGRAMMING/CONTENT/10_VECTOR_CALCULUS/07_Summary_and_Exercises.md
/Users/woramet/Documents/th_new/MODULE_05_OPENFOAM_PROGRAMMING/CONTENT/11_TENSOR_ALGEBRA/00_Overview.md
/Users/woramet/Documents/th_new/MODULE_05_OPENFOAM_PROGRAMMING/CONTENT/11_TENSOR_ALGEBRA/01_Introduction.md
/Users/woramet/Documents/th_new/MODULE_05_OPENFOAM_PROGRAMMING/CONTENT/11_TENSOR_ALGEBRA/02_Tensor_Class_Hierarchy.md
/Users/woramet/Documents/th_new/MODULE_05_OPENFOAM_PROGRAMMING/CONTENT/11_TENSOR_ALGEBRA/03_Storage_and_Symmetry.md
/Users/woramet/Documents/th_new/MODULE_05_OPENFOAM_PROGRAMMING/CONTENT/11_TENSOR_ALGEBRA/04_Tensor_Operations.md
/Users/woramet/Documents/th_new/MODULE_05_OPENFOAM_PROGRAMMING/CONTENT/11_TENSOR_ALGEBRA/05_Eigen_Decomposition.md
/Users/woramet/Documents/th_new/MODULE_05_OPENFOAM_PROGRAMMING/CONTENT/11_TENSOR_ALGEBRA/06_Common_Pitfalls.md
/Users/woramet/Documents/th_new/MODULE_05_OPENFOAM_PROGRAMMING/CONTENT/11_TENSOR_ALGEBRA/07_Summary_and_Exercises.md
/Users/woramet/Documents/th_new/MODULE_05_OPENFOAM_PROGRAMMING/CONTENT/12_DIMENSIONAL_ANALYSIS/00_Overview.md
/Users/woramet/Documents/th_new/MODULE_05_OPENFOAM_PROGRAMMING/CONTENT/12_DIMENSIONAL_ANALYSIS/01_Introduction.md
/Users/woramet/Documents/th_new/MODULE_05_OPENFOAM_PROGRAMMING/CONTENT/12_DIMENSIONAL_ANALYSIS/02_DimensionSet_Advanced.md
/Users/woramet/Documents/th_new/MODULE_05_OPENFOAM_PROGRAMMING/CONTENT/12_DIMENSIONAL_ANALYSIS/03_Dimension_Arithmetic.md
/Users/woramet/Documents/th_new/MODULE_05_OPENFOAM_PROGRAMMING/CONTENT/12_DIMENSIONAL_ANALYSIS/04_Non_Dimensionalization.md
/Users/woramet/Documents/th_new/MODULE_05_OPENFOAM_PROGRAMMING/CONTENT/12_DIMENSIONAL_ANALYSIS/05_Advanced_Applications.md
/Users/woramet/Documents/th_new/MODULE_05_OPENFOAM_PROGRAMMING/CONTENT/12_DIMENSIONAL_ANALYSIS/06_Common_Pitfalls.md
/Users/woramet/Documents/th_new/MODULE_05_OPENFOAM_PROGRAMMING/CONTENT/12_DIMENSIONAL_ANALYSIS/07_Summary_and_Exercises.md
/Users/woramet/Documents/th_new/MODULE_06_ADVANCED_PHYSICS/CONTENT/01_ADVANCED_MULTIPHASE_FLOWS/01_Phase_Change_Modeling.md
/Users/woramet/Documents/th_new/MODULE_06_ADVANCED_PHYSICS/CONTENT/01_ADVANCED_MULTIPHASE_FLOWS/02_Cavitation_Modeling.md
/Users/woramet/Documents/th_new/MODULE_06_ADVANCED_PHYSICS/CONTENT/01_ADVANCED_MULTIPHASE_FLOWS/03_Population_Balance_Modeling.md
/Users/woramet/Documents/th_new/MODULE_06_ADVANCED_PHYSICS/CONTENT/01_ADVANCED_MULTIPHASE_FLOWS/04_Complex_Interfacial_Forces.md
/Users/woramet/Documents/th_new/MODULE_06_ADVANCED_PHYSICS/CONTENT/01_ADVANCED_MULTIPHASE_FLOWS/05_Eulerian_Multiphase_Solvers.md
/Users/woramet/Documents/th_new/MODULE_06_ADVANCED_PHYSICS/CONTENT/01_ADVANCED_MULTIPHASE_FLOWS/06_Numerical_Methods_and_VOF.md
/Users/woramet/Documents/th_new/MODULE_06_ADVANCED_PHYSICS/CONTENT/02_COUPLED_PHYSICS/00_Coupled_Physics_Fundamentals.md
/Users/woramet/Documents/th_new/MODULE_06_ADVANCED_PHYSICS/CONTENT/02_COUPLED_PHYSICS/00_Overview.md
/Users/woramet/Documents/th_new/MODULE_06_ADVANCED_PHYSICS/CONTENT/02_COUPLED_PHYSICS/01_Conjugate_Heat_Transfer.md
/Users/woramet/Documents/th_new/MODULE_06_ADVANCED_PHYSICS/CONTENT/02_COUPLED_PHYSICS/02_Fluid_Structure_Interaction.md
/Users/woramet/Documents/th_new/MODULE_06_ADVANCED_PHYSICS/CONTENT/02_COUPLED_PHYSICS/03_Object_Registry_Architecture.md
/Users/woramet/Documents/th_new/MODULE_06_ADVANCED_PHYSICS/CONTENT/02_COUPLED_PHYSICS/04_Advanced_Coupling_Topics.md
/Users/woramet/Documents/th_new/MODULE_06_ADVANCED_PHYSICS/CONTENT/02_COUPLED_PHYSICS/05_Validation_and_Benchmarks.md
/Users/woramet/Documents/th_new/MODULE_06_ADVANCED_PHYSICS/CONTENT/02_COUPLED_PHYSICS/06_Exercises.md
/Users/woramet/Documents/th_new/MODULE_06_ADVANCED_PHYSICS/CONTENT/03_REACTING_FLOWS/00_Overview.md
/Users/woramet/Documents/th_new/MODULE_06_ADVANCED_PHYSICS/CONTENT/03_REACTING_FLOWS/00_Reacting_Flow_Fundamentals.md
/Users/woramet/Documents/th_new/MODULE_06_ADVANCED_PHYSICS/CONTENT/03_REACTING_FLOWS/01_Species_Transport.md
/Users/woramet/Documents/th_new/MODULE_06_ADVANCED_PHYSICS/CONTENT/03_REACTING_FLOWS/02_Chemistry_Models.md
/Users/woramet/Documents/th_new/MODULE_06_ADVANCED_PHYSICS/CONTENT/03_REACTING_FLOWS/03_Combustion_Models.md
/Users/woramet/Documents/th_new/MODULE_06_ADVANCED_PHYSICS/CONTENT/03_REACTING_FLOWS/04_Chemkin_Parsing.md
/Users/woramet/Documents/th_new/MODULE_06_ADVANCED_PHYSICS/CONTENT/03_REACTING_FLOWS/05_Practical_Workflow.md
/Users/woramet/Documents/th_new/MODULE_06_ADVANCED_PHYSICS/CONTENT/04_NON_NEWTONIAN_FLUIDS/00_Overview.md
/Users/woramet/Documents/th_new/MODULE_06_ADVANCED_PHYSICS/CONTENT/04_NON_NEWTONIAN_FLUIDS/01_Non_Newtonian_Fundamentals.md
/Users/woramet/Documents/th_new/MODULE_06_ADVANCED_PHYSICS/CONTENT/04_NON_NEWTONIAN_FLUIDS/02_Viscosity_Models.md
/Users/woramet/Documents/th_new/MODULE_06_ADVANCED_PHYSICS/CONTENT/04_NON_NEWTONIAN_FLUIDS/03_OpenFOAM_Architecture.md
/Users/woramet/Documents/th_new/MODULE_06_ADVANCED_PHYSICS/CONTENT/04_NON_NEWTONIAN_FLUIDS/04_Numerical_Implementation.md
/Users/woramet/Documents/th_new/MODULE_06_ADVANCED_PHYSICS/CONTENT/04_NON_NEWTONIAN_FLUIDS/05_Practical_Usage.md
/Users/woramet/Documents/th_new/MODULE_07_UTILITIES_AUTOMATION/CONTENT/00_Overview.md
/Users/woramet/Documents/th_new/MODULE_07_UTILITIES_AUTOMATION/CONTENT/01_UTILITIES_OVERVIEW/00_Overview.md
/Users/woramet/Documents/th_new/MODULE_07_UTILITIES_AUTOMATION/CONTENT/01_UTILITIES_OVERVIEW/01_Introduction.md
/Users/woramet/Documents/th_new/MODULE_07_UTILITIES_AUTOMATION/CONTENT/02_MESH_PREPARATION/00_Overview.md
/Users/woramet/Documents/th_new/MODULE_07_UTILITIES_AUTOMATION/CONTENT/02_MESH_PREPARATION/01_CAD_Preparation.md
/Users/woramet/Documents/th_new/MODULE_07_UTILITIES_AUTOMATION/CONTENT/02_MESH_PREPARATION/02_BlockMesh_Strategies.md
/Users/woramet/Documents/th_new/MODULE_07_UTILITIES_AUTOMATION/CONTENT/02_MESH_PREPARATION/04_Mesh_Quality_and_Optimization.md
/Users/woramet/Documents/th_new/MODULE_07_UTILITIES_AUTOMATION/CONTENT/02_MESH_PREPARATION/05_Automated_Generation.md
/Users/woramet/Documents/th_new/MODULE_07_UTILITIES_AUTOMATION/CONTENT/03_POST_PROCESSING/00_Overview.md
/Users/woramet/Documents/th_new/MODULE_07_UTILITIES_AUTOMATION/CONTENT/03_POST_PROCESSING/01_Field_Analysis.md
/Users/woramet/Documents/th_new/MODULE_07_UTILITIES_AUTOMATION/CONTENT/03_POST_PROCESSING/03_Surface_Integration.md
/Users/woramet/Documents/th_new/MODULE_07_UTILITIES_AUTOMATION/CONTENT/03_POST_PROCESSING/05_Automated_PostProcessing.md
/Users/woramet/Documents/th_new/MODULE_07_UTILITIES_AUTOMATION/CONTENT/04_VISUALIZATION/00_Overview.md
/Users/woramet/Documents/th_new/MODULE_07_UTILITIES_AUTOMATION/CONTENT/04_VISUALIZATION/01_ParaView_Visualization.md
/Users/woramet/Documents/th_new/MODULE_07_UTILITIES_AUTOMATION/CONTENT/04_VISUALIZATION/02_Python_Plotting.md
/Users/woramet/Documents/th_new/MODULE_07_UTILITIES_AUTOMATION/CONTENT/05_AUTOMATION/00_Overview.md
/Users/woramet/Documents/th_new/MODULE_07_UTILITIES_AUTOMATION/CONTENT/05_AUTOMATION/01_🎯_Overview_Automation_Strategy.md
/Users/woramet/Documents/th_new/MODULE_07_UTILITIES_AUTOMATION/CONTENT/05_AUTOMATION/02_🏗️_Complete_CFD_Automation_Framework.md
/Users/woramet/Documents/th_new/MODULE_07_UTILITIES_AUTOMATION/CONTENT/06_PARALLEL_COMPUTING/01_Domain_Decomposition.md
/Users/woramet/Documents/th_new/MODULE_07_UTILITIES_AUTOMATION/CONTENT/06_PARALLEL_COMPUTING/03_Optimization_Techniques.md
/Users/woramet/Documents/th_new/MODULE_07_UTILITIES_AUTOMATION/CONTENT/06_PARALLEL_COMPUTING/04_HPC_Integration.md
/Users/woramet/Documents/th_new/MODULE_07_UTILITIES_AUTOMATION/CONTENT/07_PROFESSIONAL_PRACTICE/00_Overview.md
/Users/woramet/Documents/th_new/MODULE_07_UTILITIES_AUTOMATION/CONTENT/07_PROFESSIONAL_PRACTICE/01_Project_Organization.md
/Users/woramet/Documents/th_new/MODULE_07_UTILITIES_AUTOMATION/CONTENT/07_PROFESSIONAL_PRACTICE/02_Documentation_Standards.md
/Users/woramet/Documents/th_new/MODULE_07_UTILITIES_AUTOMATION/CONTENT/07_PROFESSIONAL_PRACTICE/03_Version_Control_Git.md
/Users/woramet/Documents/th_new/MODULE_07_UTILITIES_AUTOMATION/CONTENT/07_PROFESSIONAL_PRACTICE/04_Testing_and_QA.md
/Users/woramet/Documents/th_new/MODULE_07_UTILITIES_AUTOMATION/CONTENT/08_EXPERT_UTILITIES/00_Overview.md
/Users/woramet/Documents/th_new/MODULE_07_UTILITIES_AUTOMATION/CONTENT/08_EXPERT_UTILITIES/01_Overview.md
/Users/woramet/Documents/th_new/MODULE_07_UTILITIES_AUTOMATION/CONTENT/08_EXPERT_UTILITIES/02_Utility_Categories_and_Organization.md
/Users/woramet/Documents/th_new/MODULE_07_UTILITIES_AUTOMATION/CONTENT/08_EXPERT_UTILITIES/03_Architecture_and_Design_Patterns.md
/Users/woramet/Documents/th_new/MODULE_07_UTILITIES_AUTOMATION/CONTENT/08_EXPERT_UTILITIES/04_Essential_Utilities_for_Common_CFD_Tasks.md
/Users/woramet/Documents/th_new/MODULE_07_UTILITIES_AUTOMATION/CONTENT/08_EXPERT_UTILITIES/05_Time-Saving_Benefits.md
/Users/woramet/Documents/th_new/MODULE_07_UTILITIES_AUTOMATION/CONTENT/08_EXPERT_UTILITIES/06_Creating_Custom_Utilities.md
/Users/woramet/Documents/th_new/MODULE_07_UTILITIES_AUTOMATION/CONTENT/08_EXPERT_UTILITIES/07_Integration_with_Solver_Workflows.md
/Users/woramet/Documents/th_new/MODULE_07_UTILITIES_AUTOMATION/CONTENT/08_EXPERT_UTILITIES/08_Best_Practices.md
/Users/woramet/Documents/th_new/MODULE_04_MULTIPHASE_FUNDAMENTALS/CONTENT/08_MODEL_SELECTION/01_Decision_Framework.md
/Users/woramet/Documents/th_new/MODULE_04_MULTIPHASE_FUNDAMENTALS/CONTENT/09_IMPLEMENTATION_ARCHITECTURE/00_Overview.md
/Users/woramet/Documents/th_new/MODULE_05_OPENFOAM_PROGRAMMING/CONTENT/01_FOUNDATION_PRIMITIVES/04_Smart_Pointers.md
/Users/woramet/Documents/th_new/MODULE_05_OPENFOAM_PROGRAMMING/CONTENT/02_DIMENSIONED_TYPES/07_Mathematical_Formulations.md
/Users/woramet/Documents/th_new/MODULE_05_OPENFOAM_PROGRAMMING/CONTENT/06_MATRICES_LINEARALGEBRA/00_Overview.md
/Users/woramet/Documents/th_new/MODULE_05_OPENFOAM_PROGRAMMING/CONTENT/08_FIELD_TYPES/00_Overview.md
/Users/woramet/Documents/th_new/MODULE_07_UTILITIES_AUTOMATION/CONTENT/03_POST_PROCESSING/02_Forces_and_Moments.md
/Users/woramet/Documents/th_new/MODULE_07_UTILITIES_AUTOMATION/CONTENT/06_PARALLEL_COMPUTING/02_Performance_Monitoring.md
/Users/woramet/Documents/th_new/MODULE_09_ADVANCED_TOPICS/00_Overview.md
/Users/woramet/Documents/th_new/MODULE_09_ADVANCED_TOPICS/CONTENT/01_TEMPLATE_PROGRAMMING/00_Overview.md
/Users/woramet/Documents/th_new/MODULE_09_ADVANCED_TOPICS/CONTENT/01_TEMPLATE_PROGRAMMING/01_Introduction.md
/Users/woramet/Documents/th_new/MODULE_09_ADVANCED_TOPICS/CONTENT/01_TEMPLATE_PROGRAMMING/02_Template_Syntax.md
/Users/woramet/Documents/th_new/MODULE_09_ADVANCED_TOPICS/CONTENT/01_TEMPLATE_PROGRAMMING/03_Internal_Mechanics.md
/Users/woramet/Documents/th_new/MODULE_09_ADVANCED_TOPICS/CONTENT/01_TEMPLATE_PROGRAMMING/04_Instantiation_and_Specialization.md
/Users/woramet/Documents/th_new/MODULE_09_ADVANCED_TOPICS/CONTENT/01_TEMPLATE_PROGRAMMING/05_Design_Patterns.md
/Users/woramet/Documents/th_new/MODULE_09_ADVANCED_TOPICS/CONTENT/01_TEMPLATE_PROGRAMMING/06_Common_Errors_and_Debugging.md
/Users/woramet/Documents/th_new/MODULE_09_ADVANCED_TOPICS/CONTENT/01_TEMPLATE_PROGRAMMING/07_Practical_Exercise.md
/Users/woramet/Documents/th_new/MODULE_09_ADVANCED_TOPICS/CONTENT/02_INHERITANCE_POLYMORPHISM/00_Overview.md
/Users/woramet/Documents/th_new/MODULE_09_ADVANCED_TOPICS/CONTENT/02_INHERITANCE_POLYMORPHISM/01_Introduction.md
/Users/woramet/Documents/th_new/MODULE_09_ADVANCED_TOPICS/CONTENT/02_INHERITANCE_POLYMORPHISM/02_Abstract_Interfaces.md
/Users/woramet/Documents/th_new/MODULE_09_ADVANCED_TOPICS/CONTENT/02_INHERITANCE_POLYMORPHISM/03_Inheritance_Hierarchies.md
/Users/woramet/Documents/th_new/MODULE_09_ADVANCED_TOPICS/CONTENT/02_INHERITANCE_POLYMORPHISM/04_Run_Time_Selection_System.md
/Users/woramet/Documents/th_new/MODULE_09_ADVANCED_TOPICS/CONTENT/02_INHERITANCE_POLYMORPHISM/05_Design_Patterns_in_Physics.md
/Users/woramet/Documents/th_new/MODULE_09_ADVANCED_TOPICS/CONTENT/02_INHERITANCE_POLYMORPHISM/06_Common_Errors_and_Debugging.md
/Users/woramet/Documents/th_new/MODULE_09_ADVANCED_TOPICS/CONTENT/02_INHERITANCE_POLYMORPHISM/07_Performance_Considerations.md
/Users/woramet/Documents/th_new/MODULE_09_ADVANCED_TOPICS/CONTENT/02_INHERITANCE_POLYMORPHISM/08_Practical_Exercise.md
/Users/woramet/Documents/th_new/MODULE_09_ADVANCED_TOPICS/CONTENT/03_DESIGN_PATTERNS/00_Overview.md
/Users/woramet/Documents/th_new/MODULE_09_ADVANCED_TOPICS/CONTENT/03_DESIGN_PATTERNS/01_Introduction.md
/Users/woramet/Documents/th_new/MODULE_09_ADVANCED_TOPICS/CONTENT/03_DESIGN_PATTERNS/02_Factory_Pattern.md
/Users/woramet/Documents/th_new/MODULE_09_ADVANCED_TOPICS/CONTENT/03_DESIGN_PATTERNS/03_Strategy_Pattern.md
/Users/woramet/Documents/th_new/MODULE_09_ADVANCED_TOPICS/CONTENT/03_DESIGN_PATTERNS/04_Pattern_Synergy.md
/Users/woramet/Documents/th_new/MODULE_09_ADVANCED_TOPICS/CONTENT/03_DESIGN_PATTERNS/05_Performance_Analysis.md
/Users/woramet/Documents/th_new/MODULE_09_ADVANCED_TOPICS/CONTENT/03_DESIGN_PATTERNS/06_Practical_Exercise.md
/Users/woramet/Documents/th_new/MODULE_09_ADVANCED_TOPICS/CONTENT/04_MEMORY_MANAGEMENT/00_Overview.md
/Users/woramet/Documents/th_new/MODULE_09_ADVANCED_TOPICS/CONTENT/04_MEMORY_MANAGEMENT/02_Memory_Syntax_and_Design.md
/Users/woramet/Documents/th_new/MODULE_09_ADVANCED_TOPICS/CONTENT/04_MEMORY_MANAGEMENT/03_Internal_Mechanics.md
/Users/woramet/Documents/th_new/MODULE_09_ADVANCED_TOPICS/CONTENT/04_MEMORY_MANAGEMENT/04_Mathematical_Foundations.md
/Users/woramet/Documents/th_new/MODULE_09_ADVANCED_TOPICS/CONTENT/04_MEMORY_MANAGEMENT/05_Implementation_Mechanisms.md
/Users/woramet/Documents/th_new/MODULE_09_ADVANCED_TOPICS/CONTENT/04_MEMORY_MANAGEMENT/06_Design_Patterns_and_Architecture.md
/Users/woramet/Documents/th_new/MODULE_09_ADVANCED_TOPICS/CONTENT/04_MEMORY_MANAGEMENT/07_Common_Errors_and_Debugging.md
/Users/woramet/Documents/th_new/MODULE_09_ADVANCED_TOPICS/CONTENT/05_PERFORMANCE_OPTIMIZATION/00_Overview.md
/Users/woramet/Documents/th_new/MODULE_09_ADVANCED_TOPICS/CONTENT/05_PERFORMANCE_OPTIMIZATION/02_Expression_Templates_Syntax.md
/Users/woramet/Documents/th_new/MODULE_09_ADVANCED_TOPICS/CONTENT/05_PERFORMANCE_OPTIMIZATION/03_Internal_Mechanics.md
/Users/woramet/Documents/th_new/MODULE_09_ADVANCED_TOPICS/CONTENT/05_PERFORMANCE_OPTIMIZATION/04_Compilation_and_Machine_Code.md
/Users/woramet/Documents/th_new/MODULE_09_ADVANCED_TOPICS/CONTENT/05_PERFORMANCE_OPTIMIZATION/05_Design_Patterns_and_Trade-offs.md
/Users/woramet/Documents/th_new/MODULE_09_ADVANCED_TOPICS/CONTENT/05_PERFORMANCE_OPTIMIZATION/06_Common_Errors_and_Debugging.md
/Users/woramet/Documents/th_new/MODULE_09_ADVANCED_TOPICS/CONTENT/05_PERFORMANCE_OPTIMIZATION/07_Appendices.md
/Users/woramet/Documents/th_new/MODULE_09_ADVANCED_TOPICS/CONTENT/06_ARCHITECTURE_EXTENSIBILITY/00_Overview.md
/Users/woramet/Documents/th_new/MODULE_09_ADVANCED_TOPICS/CONTENT/06_ARCHITECTURE_EXTENSIBILITY/01_Introduction.md
/Users/woramet/Documents/th_new/MODULE_09_ADVANCED_TOPICS/CONTENT/06_ARCHITECTURE_EXTENSIBILITY/03_Dynamic_Library_Loading.md
/Users/woramet/Documents/th_new/MODULE_09_ADVANCED_TOPICS/CONTENT/06_ARCHITECTURE_EXTENSIBILITY/04_FunctionObject_Integration.md
/Users/woramet/Documents/th_new/MODULE_09_ADVANCED_TOPICS/CONTENT/06_ARCHITECTURE_EXTENSIBILITY/05_Design_Patterns.md
/Users/woramet/Documents/th_new/MODULE_09_ADVANCED_TOPICS/CONTENT/06_ARCHITECTURE_EXTENSIBILITY/06_Common_Errors_and_Debugging.md
/Users/woramet/Documents/th_new/MODULE_09_ADVANCED_TOPICS/CONTENT/06_ARCHITECTURE_EXTENSIBILITY/07_Practical_Exercise.md
/Users/woramet/Documents/th_new/MODULE_09_ADVANCED_TOPICS/CONTENT/07_PRACTICAL_PROJECT/00_Overview.md
/Users/woramet/Documents/th_new/MODULE_09_ADVANCED_TOPICS/CONTENT/07_PRACTICAL_PROJECT/01_Project_Overview.md
/Users/woramet/Documents/th_new/MODULE_09_ADVANCED_TOPICS/CONTENT/07_PRACTICAL_PROJECT/02_Model_Development_Rationale.md
/Users/woramet/Documents/th_new/MODULE_09_ADVANCED_TOPICS/CONTENT/07_PRACTICAL_PROJECT/03_Folder_and_File_Organization.md
/Users/woramet/Documents/th_new/MODULE_09_ADVANCED_TOPICS/CONTENT/07_PRACTICAL_PROJECT/04_Compilation_process.md
/Users/woramet/Documents/th_new/MODULE_09_ADVANCED_TOPICS/CONTENT/07_PRACTICAL_PROJECT/05_Inheritance_and_Virtual_Functions.md
/Users/woramet/Documents/th_new/MODULE_09_ADVANCED_TOPICS/CONTENT/07_PRACTICAL_PROJECT/06_Design_Pattern_Rationale.md
/Users/woramet/Documents/th_new/MODULE_09_ADVANCED_TOPICS/CONTENT/07_PRACTICAL_PROJECT/07_Common_Errors_and_Debugging.md
/Users/woramet/Documents/th_new/MODULE_09_ADVANCED_TOPICS/CONTENT/07_PRACTICAL_PROJECT/08_Final_Challenge.md
