[2025-12-24 01:55:30] Failed: /Users/woramet/Documents/th_new/MODULE_04_MULTIPHASE_FUNDAMENTALS/CONTENT/08_MODEL_SELECTION/01_Decision_Framework.md
Error: Extraction failed (Tags missing)
--------------------------------------------------
[2025-12-24 02:05:45] Failed: /Users/woramet/Documents/th_new/MODULE_04_MULTIPHASE_FUNDAMENTALS/CONTENT/09_IMPLEMENTATION_ARCHITECTURE/00_Overview.md
Error: New content too short (14604/21395)
--------------------------------------------------
[2025-12-24 02:34:32] Failed: /Users/woramet/Documents/th_new/MODULE_05_OPENFOAM_PROGRAMMING/CONTENT/01_FOUNDATION_PRIMITIVES/04_Smart_Pointers.md
Error: Extraction failed (Tags missing)
--------------------------------------------------
[2025-12-24 02:56:21] Failed: /Users/woramet/Documents/th_new/MODULE_05_OPENFOAM_PROGRAMMING/CONTENT/02_DIMENSIONED_TYPES/07_Mathematical_Formulations.md
Error: Extraction failed (Tags missing)
--------------------------------------------------
[2025-12-24 03:18:08] Failed: /Users/woramet/Documents/th_new/MODULE_05_OPENFOAM_PROGRAMMING/CONTENT/04_MESH_CLASSES/03_primitiveMesh.md
Error: Extraction failed (Tags missing)
--------------------------------------------------
[2025-12-24 03:40:42] Failed: /Users/woramet/Documents/th_new/MODULE_05_OPENFOAM_PROGRAMMING/CONTENT/06_MATRICES_LINEARALGEBRA/00_Overview.md
Error: Extraction failed (Tags missing)
--------------------------------------------------
[2025-12-24 04:05:54] Failed: /Users/woramet/Documents/th_new/MODULE_05_OPENFOAM_PROGRAMMING/CONTENT/08_FIELD_TYPES/00_Overview.md
Error: Extraction failed (Tags missing)
--------------------------------------------------
[2025-12-24 05:08:05] Failed: /Users/woramet/Documents/th_new/MODULE_06_ADVANCED_PHYSICS/CONTENT/01_ADVANCED_MULTIPHASE_FLOWS/00_Overview.md
Error: Extraction failed (Tags missing)
--------------------------------------------------
[2025-12-24 05:54:37] Failed: /Users/woramet/Documents/th_new/MODULE_07_UTILITIES_AUTOMATION/CONTENT/02_MESH_PREPARATION/03_SnappyHexMesh_Configuration.md
Error: Extraction failed (Tags missing)
--------------------------------------------------
[2025-12-24 06:03:51] Failed: /Users/woramet/Documents/th_new/MODULE_07_UTILITIES_AUTOMATION/CONTENT/03_POST_PROCESSING/02_Forces_and_Moments.md
Error: Extraction failed (Tags missing)
--------------------------------------------------
[2025-12-24 06:18:23] Failed: /Users/woramet/Documents/th_new/MODULE_07_UTILITIES_AUTOMATION/CONTENT/06_PARALLEL_COMPUTING/00_Overview.md
Error: Extraction failed (Tags missing)
--------------------------------------------------
[2025-12-24 06:23:03] Failed: /Users/woramet/Documents/th_new/MODULE_07_UTILITIES_AUTOMATION/CONTENT/06_PARALLEL_COMPUTING/02_Performance_Monitoring.md
Error: Extraction failed (Tags missing)
--------------------------------------------------
[2025-12-24 16:50:12] Failed: /Users/woramet/Documents/th_new/MODULE_05_OPENFOAM_PROGRAMMING/CONTENT/04_MESH_CLASSES/03_primitiveMesh.md
Error: Extraction failed (Tags missing)
--------------------------------------------------
[2025-12-24 16:58:21] Failed: /Users/woramet/Documents/th_new/MODULE_06_ADVANCED_PHYSICS/CONTENT/01_ADVANCED_MULTIPHASE_FLOWS/00_Overview.md
Error: Extraction failed (Tags missing)
--------------------------------------------------
[2025-12-24 17:03:56] Failed: /Users/woramet/Documents/th_new/MODULE_07_UTILITIES_AUTOMATION/CONTENT/02_MESH_PREPARATION/03_SnappyHexMesh_Configuration.md
Error: Extraction failed (Tags missing)
--------------------------------------------------
[2025-12-24 17:10:23] Failed: /Users/woramet/Documents/th_new/MODULE_07_UTILITIES_AUTOMATION/CONTENT/06_PARALLEL_COMPUTING/00_Overview.md
Error: Extraction failed (Tags missing)
--------------------------------------------------
[2025-12-24 18:08:43] Failed: /Users/woramet/Documents/th_new/MODULE_09_ADVANCED_TOPICS/CONTENT/04_MEMORY_MANAGEMENT/01_Introduction.md
Error: Extraction failed (Tags missing)
--------------------------------------------------
[2025-12-24 18:26:56] Failed: /Users/woramet/Documents/th_new/MODULE_09_ADVANCED_TOPICS/CONTENT/05_PERFORMANCE_OPTIMIZATION/01_Introduction.md
Error: Extraction failed (Tags missing)
--------------------------------------------------
[2025-12-24 18:45:25] Failed: /Users/woramet/Documents/th_new/MODULE_09_ADVANCED_TOPICS/CONTENT/06_ARCHITECTURE_EXTENSIBILITY/02_Runtime_Selection_Tables.md
Error: Extraction failed (Tags missing)
--------------------------------------------------
[2025-12-25 11:51:25] Failed: /Users/woramet/Documents/th_new/MODULE_05_OPENFOAM_PROGRAMMING/CONTENT/04_MESH_CLASSES/03_primitiveMesh.md
Error: No output
--------------------------------------------------
[2025-12-25 11:51:28] Failed: /Users/woramet/Documents/th_new/MODULE_06_ADVANCED_PHYSICS/CONTENT/01_ADVANCED_MULTIPHASE_FLOWS/00_Overview.md
Error: No output
--------------------------------------------------
[2025-12-25 11:51:32] Failed: /Users/woramet/Documents/th_new/MODULE_07_UTILITIES_AUTOMATION/CONTENT/02_MESH_PREPARATION/03_SnappyHexMesh_Configuration.md
Error: No output
--------------------------------------------------
[2025-12-25 11:51:34] Failed: /Users/woramet/Documents/th_new/MODULE_07_UTILITIES_AUTOMATION/CONTENT/06_PARALLEL_COMPUTING/00_Overview.md
Error: No output
--------------------------------------------------
[2025-12-25 11:51:37] Failed: /Users/woramet/Documents/th_new/MODULE_08_TESTING_VALIDATION/00_Overview.md
Error: No output
--------------------------------------------------
[2025-12-25 11:51:39] Failed: /Users/woramet/Documents/th_new/MODULE_08_TESTING_VALIDATION/CONTENT/01_VERIFICATION_FUNDAMENTALS/00_Overview.md
Error: No output
--------------------------------------------------
[2025-12-25 11:51:42] Failed: /Users/woramet/Documents/th_new/MODULE_08_TESTING_VALIDATION/CONTENT/01_VERIFICATION_FUNDAMENTALS/01_Introduction.md
Error: No output
--------------------------------------------------
[2025-12-25 11:51:45] Failed: /Users/woramet/Documents/th_new/MODULE_08_TESTING_VALIDATION/CONTENT/01_VERIFICATION_FUNDAMENTALS/02_Numerical_Methods.md
Error: No output
--------------------------------------------------
[2025-12-25 11:51:47] Failed: /Users/woramet/Documents/th_new/MODULE_08_TESTING_VALIDATION/CONTENT/01_VERIFICATION_FUNDAMENTALS/03_OpenFOAM_Architecture.md
Error: No output
--------------------------------------------------
[2025-12-25 11:51:49] Failed: /Users/woramet/Documents/th_new/MODULE_08_TESTING_VALIDATION/CONTENT/02_TEST_FRAMEWORK_CODING/00_Overview.md
Error: No output
--------------------------------------------------
[2025-12-25 11:51:52] Failed: /Users/woramet/Documents/th_new/MODULE_08_TESTING_VALIDATION/CONTENT/02_TEST_FRAMEWORK_CODING/01_Unit_Testing.md
Error: No output
--------------------------------------------------
[2025-12-25 11:51:55] Failed: /Users/woramet/Documents/th_new/MODULE_08_TESTING_VALIDATION/CONTENT/02_TEST_FRAMEWORK_CODING/02_Validation_Coding.md
Error: No output
--------------------------------------------------
[2025-12-25 11:51:57] Failed: /Users/woramet/Documents/th_new/MODULE_08_TESTING_VALIDATION/CONTENT/02_TEST_FRAMEWORK_CODING/03_Automation_Scripts.md
Error: No output
--------------------------------------------------
[2025-12-25 11:51:59] Failed: /Users/woramet/Documents/th_new/MODULE_08_TESTING_VALIDATION/CONTENT/03_VALIDATION_BENCHMARKS/00_Overview.md
Error: No output
--------------------------------------------------
[2025-12-25 11:52:02] Failed: /Users/woramet/Documents/th_new/MODULE_08_TESTING_VALIDATION/CONTENT/03_VALIDATION_BENCHMARKS/01_Physical_Validation.md
Error: No output
--------------------------------------------------
[2025-12-25 11:52:06] Failed: /Users/woramet/Documents/th_new/MODULE_08_TESTING_VALIDATION/CONTENT/03_VALIDATION_BENCHMARKS/02_Mesh_BC_Verification.md
Error: No output
--------------------------------------------------
[2025-12-25 11:52:09] Failed: /Users/woramet/Documents/th_new/MODULE_08_TESTING_VALIDATION/CONTENT/03_VALIDATION_BENCHMARKS/03_Best_Practices.md
Error: No output
--------------------------------------------------
[2025-12-25 11:52:11] Failed: /Users/woramet/Documents/th_new/MODULE_08_TESTING_VALIDATION/CONTENT/04_QA_AUTOMATION_PROFILING/00_Overview.md
Error: No output
--------------------------------------------------
[2025-12-25 11:52:14] Failed: /Users/woramet/Documents/th_new/MODULE_08_TESTING_VALIDATION/CONTENT/04_QA_AUTOMATION_PROFILING/01_Performance_Profiling.md
Error: No output
--------------------------------------------------
[2025-12-25 11:52:17] Failed: /Users/woramet/Documents/th_new/MODULE_08_TESTING_VALIDATION/CONTENT/04_QA_AUTOMATION_PROFILING/02_Regression_Testing.md
Error: No output
--------------------------------------------------
[2025-12-25 11:52:20] Failed: /Users/woramet/Documents/th_new/MODULE_08_TESTING_VALIDATION/CONTENT/04_QA_AUTOMATION_PROFILING/03_Debugging_Troubleshooting.md
Error: No output
--------------------------------------------------
[2025-12-25 11:52:22] Failed: /Users/woramet/Documents/th_new/MODULE_09_ADVANCED_TOPICS/CONTENT/04_MEMORY_MANAGEMENT/01_Introduction.md
Error: No output
--------------------------------------------------
[2025-12-25 11:52:25] Failed: /Users/woramet/Documents/th_new/MODULE_09_ADVANCED_TOPICS/CONTENT/05_PERFORMANCE_OPTIMIZATION/01_Introduction.md
Error: No output
--------------------------------------------------
[2025-12-25 11:52:28] Failed: /Users/woramet/Documents/th_new/MODULE_09_ADVANCED_TOPICS/CONTENT/06_ARCHITECTURE_EXTENSIBILITY/02_Runtime_Selection_Tables.md
Error: No output
--------------------------------------------------
[2025-12-25 12:45:49] Failed: /Users/woramet/Documents/th_new/MODULE_08_TESTING_VALIDATION/CONTENT/01_VERIFICATION_FUNDAMENTALS/01_Introduction.md
Error: Extraction failed (Tags missing)
--------------------------------------------------
